Compiling the C compiler identification source file "CMakeCCompilerId.c" failed.
Compiler: -PREFIX/x86_64-conda_cos6-linux-gnu-gcc 
Build flags: -I/share/ClusterShare/software/contrib/sccg/centos7/build/bzip2/bzip2-1.0.8/include;-I/share/ClusterShare/software/contrib/sccg/centos7/build/zlib/zlib-1.2.11/include;
Id flags:  

The output was:
No such file or directory


Compiling the C compiler identification source file "CMakeCCompilerId.c" failed.
Compiler: -PREFIX/x86_64-conda_cos6-linux-gnu-gcc 
Build flags: -I/share/ClusterShare/software/contrib/sccg/centos7/build/bzip2/bzip2-1.0.8/include;-I/share/ClusterShare/software/contrib/sccg/centos7/build/zlib/zlib-1.2.11/include;
Id flags: -c 

The output was:
No such file or directory


Compiling the C compiler identification source file "CMakeCCompilerId.c" failed.
Compiler: -PREFIX/x86_64-conda_cos6-linux-gnu-gcc 
Build flags: -I/share/ClusterShare/software/contrib/sccg/centos7/build/bzip2/bzip2-1.0.8/include;-I/share/ClusterShare/software/contrib/sccg/centos7/build/zlib/zlib-1.2.11/include;
Id flags: -Aa 

The output was:
No such file or directory


Compiling the C compiler identification source file "CMakeCCompilerId.c" failed.
Compiler: -PREFIX/x86_64-conda_cos6-linux-gnu-gcc 
Build flags: -I/share/ClusterShare/software/contrib/sccg/centos7/build/bzip2/bzip2-1.0.8/include;-I/share/ClusterShare/software/contrib/sccg/centos7/build/zlib/zlib-1.2.11/include;
Id flags: -D__CLASSIC_C__ 

The output was:
No such file or directory


Compiling the C compiler identification source file "CMakeCCompilerId.c" failed.
Compiler: -PREFIX/x86_64-conda_cos6-linux-gnu-gcc 
Build flags: 
Id flags:  

The output was:
No such file or directory


Compiling the C compiler identification source file "CMakeCCompilerId.c" failed.
Compiler: -PREFIX/x86_64-conda_cos6-linux-gnu-gcc 
Build flags: 
Id flags: -c 

The output was:
No such file or directory


Compiling the C compiler identification source file "CMakeCCompilerId.c" failed.
Compiler: -PREFIX/x86_64-conda_cos6-linux-gnu-gcc 
Build flags: 
Id flags: -Aa 

The output was:
No such file or directory


Compiling the C compiler identification source file "CMakeCCompilerId.c" failed.
Compiler: -PREFIX/x86_64-conda_cos6-linux-gnu-gcc 
Build flags: 
Id flags: -D__CLASSIC_C__ 

The output was:
No such file or directory


Checking whether the C compiler is IAR using "" did not match "IAR .+ Compiler":
Checking whether the C compiler is IAR using "" did not match "IAR .+ Compiler":
Compiling the C compiler identification source file "CMakeCCompilerId.c" failed.
Compiler: -PREFIX/x86_64-conda_cos6-linux-gnu-gcc 
Build flags: -I/share/ClusterShare/software/contrib/sccg/centos7/build/bzip2/bzip2-1.0.8/include;-I/share/ClusterShare/software/contrib/sccg/centos7/build/zlib/zlib-1.2.11/include
Id flags:  

The output was:
No such file or directory


Compiling the C compiler identification source file "CMakeCCompilerId.c" failed.
Compiler: -PREFIX/x86_64-conda_cos6-linux-gnu-gcc 
Build flags: -I/share/ClusterShare/software/contrib/sccg/centos7/build/bzip2/bzip2-1.0.8/include;-I/share/ClusterShare/software/contrib/sccg/centos7/build/zlib/zlib-1.2.11/include
Id flags: -c 

The output was:
No such file or directory


Compiling the C compiler identification source file "CMakeCCompilerId.c" failed.
Compiler: -PREFIX/x86_64-conda_cos6-linux-gnu-gcc 
Build flags: -I/share/ClusterShare/software/contrib/sccg/centos7/build/bzip2/bzip2-1.0.8/include;-I/share/ClusterShare/software/contrib/sccg/centos7/build/zlib/zlib-1.2.11/include
Id flags: -Aa 

The output was:
No such file or directory


Compiling the C compiler identification source file "CMakeCCompilerId.c" failed.
Compiler: -PREFIX/x86_64-conda_cos6-linux-gnu-gcc 
Build flags: -I/share/ClusterShare/software/contrib/sccg/centos7/build/bzip2/bzip2-1.0.8/include;-I/share/ClusterShare/software/contrib/sccg/centos7/build/zlib/zlib-1.2.11/include
Id flags: -D__CLASSIC_C__ 

The output was:
No such file or directory


Compiling the C compiler identification source file "CMakeCCompilerId.c" failed.
Compiler: -PREFIX/x86_64-conda_cos6-linux-gnu-gcc 
Build flags: 
Id flags:  

The output was:
No such file or directory


Compiling the C compiler identification source file "CMakeCCompilerId.c" failed.
Compiler: -PREFIX/x86_64-conda_cos6-linux-gnu-gcc 
Build flags: 
Id flags: -c 

The output was:
No such file or directory


Compiling the C compiler identification source file "CMakeCCompilerId.c" failed.
Compiler: -PREFIX/x86_64-conda_cos6-linux-gnu-gcc 
Build flags: 
Id flags: -Aa 

The output was:
No such file or directory


Compiling the C compiler identification source file "CMakeCCompilerId.c" failed.
Compiler: -PREFIX/x86_64-conda_cos6-linux-gnu-gcc 
Build flags: 
Id flags: -D__CLASSIC_C__ 

The output was:
No such file or directory


Checking whether the C compiler is IAR using "" did not match "IAR .+ Compiler":
Checking whether the C compiler is IAR using "" did not match "IAR .+ Compiler":
Compiling the C compiler identification source file "CMakeCCompilerId.c" failed.
Compiler: /directflow/SCCGGroupShare/projects/DrewNeavin/software/anaconda3/envs/ratrack/x86_64-conda_cos6-linux-gnu-gcc 
Build flags: -I/share/ClusterShare/software/contrib/sccg/centos7/build/bzip2/bzip2-1.0.8/include;-I/share/ClusterShare/software/contrib/sccg/centos7/build/zlib/zlib-1.2.11/include
Id flags:  

The output was:
No such file or directory


Compiling the C compiler identification source file "CMakeCCompilerId.c" failed.
Compiler: /directflow/SCCGGroupShare/projects/DrewNeavin/software/anaconda3/envs/ratrack/x86_64-conda_cos6-linux-gnu-gcc 
Build flags: -I/share/ClusterShare/software/contrib/sccg/centos7/build/bzip2/bzip2-1.0.8/include;-I/share/ClusterShare/software/contrib/sccg/centos7/build/zlib/zlib-1.2.11/include
Id flags: -c 

The output was:
No such file or directory


Compiling the C compiler identification source file "CMakeCCompilerId.c" failed.
Compiler: /directflow/SCCGGroupShare/projects/DrewNeavin/software/anaconda3/envs/ratrack/x86_64-conda_cos6-linux-gnu-gcc 
Build flags: -I/share/ClusterShare/software/contrib/sccg/centos7/build/bzip2/bzip2-1.0.8/include;-I/share/ClusterShare/software/contrib/sccg/centos7/build/zlib/zlib-1.2.11/include
Id flags: -Aa 

The output was:
No such file or directory


Compiling the C compiler identification source file "CMakeCCompilerId.c" failed.
Compiler: /directflow/SCCGGroupShare/projects/DrewNeavin/software/anaconda3/envs/ratrack/x86_64-conda_cos6-linux-gnu-gcc 
Build flags: -I/share/ClusterShare/software/contrib/sccg/centos7/build/bzip2/bzip2-1.0.8/include;-I/share/ClusterShare/software/contrib/sccg/centos7/build/zlib/zlib-1.2.11/include
Id flags: -D__CLASSIC_C__ 

The output was:
No such file or directory


Compiling the C compiler identification source file "CMakeCCompilerId.c" failed.
Compiler: /directflow/SCCGGroupShare/projects/DrewNeavin/software/anaconda3/envs/ratrack/x86_64-conda_cos6-linux-gnu-gcc 
Build flags: 
Id flags:  

The output was:
No such file or directory


Compiling the C compiler identification source file "CMakeCCompilerId.c" failed.
Compiler: /directflow/SCCGGroupShare/projects/DrewNeavin/software/anaconda3/envs/ratrack/x86_64-conda_cos6-linux-gnu-gcc 
Build flags: 
Id flags: -c 

The output was:
No such file or directory


Compiling the C compiler identification source file "CMakeCCompilerId.c" failed.
Compiler: /directflow/SCCGGroupShare/projects/DrewNeavin/software/anaconda3/envs/ratrack/x86_64-conda_cos6-linux-gnu-gcc 
Build flags: 
Id flags: -Aa 

The output was:
No such file or directory


Compiling the C compiler identification source file "CMakeCCompilerId.c" failed.
Compiler: /directflow/SCCGGroupShare/projects/DrewNeavin/software/anaconda3/envs/ratrack/x86_64-conda_cos6-linux-gnu-gcc 
Build flags: 
Id flags: -D__CLASSIC_C__ 

The output was:
No such file or directory


Checking whether the C compiler is IAR using "" did not match "IAR .+ Compiler":
Checking whether the C compiler is IAR using "" did not match "IAR .+ Compiler":
